Virtual User Script started at: 12-05-2026 12:16:27	[MsgId: MMSG-15967]
Starting action vuser_init.	[MsgId: MMSG-15919]
Web Services replay version 2023.0.0 for Windows 11; Toolkit: "WCF"; build 506	[MsgId: MMSG-108715]
Runtime Settings file: "C:\Users\mani_\AppData\Local\Temp\lr5tmpdirQDW.786\lrcfg9dG.787\cfg78k.788"	[MsgId: MMSG-108714]
Vuser directory: "G:\VugenScripts\CATProject"	[MsgId: MMSG-108713]
Vuser output directory: "G:\VugenScripts\CATProject"	[MsgId: MMSG-108712]
LOCAL start date/time : 2026-05-12 12:16:27	[MsgId: MMSG-108711]
Ending action vuser_init.	[MsgId: MMSG-15918]
Running Vuser...	[MsgId: MMSG-15964]
Starting iteration 1.	[MsgId: MMSG-15968]
Maximum number of concurrent connections per server: 4  	[MsgId: MMSG-26989]
Starting action Action.	[MsgId: MMSG-15919]
Action.c(3): web_set_max_html_param_len started  	[MsgId: MMSG-26355]
Action.c(3): web_set_max_html_param_len was successful  	[MsgId: MMSG-26392]
Action.c(18): web_reg_save_param_ex started  	[MsgId: MMSG-26355]
Action.c(18): Registering web_reg_save_param_ex was successful  	[MsgId: MMSG-26390]
Action.c(26): web_submit_data("Authorization") started  	[MsgId: MMSG-26355]
Action.c(26): t=6037ms: 426-byte response headers for "https://fedloginqa.cat.com/as/token.oauth2" (RelFrameId=1, Internal ID=1)
Action.c(26):     HTTP/1.1 200 OK\r\n
Action.c(26):     Content-Type: application/json\r\n
Action.c(26):     Connection: close\r\n
Action.c(26):     Date: Tue, 12 May 2026 06:46:28 GMT\r\n
Action.c(26):     X-Frame-Options: SAMEORIGIN\r\n
Action.c(26):     Referrer-Policy: origin\r\n
Action.c(26):     Content-Security-Policy: frame-ancestors 'self' https://*.cat.com;\r\n
Action.c(26):     Cache-Control: no-cache, no-store\r\n
Action.c(26):     Pragma: no-cache\r\n
Action.c(26):     Expires: Thu, 01 Jan 1970 00:00:00 GMT\r\n
Action.c(26):     Set-Cookie: PF=NdugIq7nCfMVvU7E3tIQz6; Path=/; Secure; HttpOnly; SameSite=None\r\n
Action.c(26):     rdwr_response: allowed\r\n
Action.c(26):     \r\n
Action.c(26): t=6038ms: 638-byte response body for "https://fedloginqa.cat.com/as/token.oauth2" (RelFrameId=1, Internal ID=1)
Action.c(26):     {"access_token":"eyJhbGciOiJSUzI1NiIsImtpZCI6IjM3IiwicGkuYXRtIjoiNSJ9.eyJzY29wZSI6W10sImF1
Action.c(26):     dGhvcml6YXRpb25fZGV0YWlscyI6W10sImNsaWVudF9pZCI6IkNBVC1SREVfY2NfY2xpZW50IiwiaXNzIjoiaHR0cH
Action.c(26):     M6Ly9mZWRsb2dpbnFhLmNhdC5jb20iLCJhdWQiOiJiYXNpYyIsImV4cCI6MTc3ODU3MTk4OH0.atf3Xrvfnx_5NhHK
Action.c(26):     pMf8-0ESomx9zBp2FPZBtJjvs73ojnrO1agAJDXSpEFZZqrGf_DO_kf11CeNFYzWc907ww9Pkjxd3rfscNdeDNeKex
Action.c(26):     jOkA9klEmY4ksTk0wWAegtrOC0GJHrw_zjYXQhgp3vZRbs6-hYEr1297UnaJ_FNpGBzJyXmocIZw_wRbZt2zRAUkIp
Action.c(26):     f3EzIa-ZcLGeObsiCi__iuiCGt8xmMxZRrqyMWgNy5N7JRd1QZTZ_AlUVGnweGdgM7flAJa7e64eulANT4x9z8NtJs
Action.c(26):     Q8-wR_z9i6ovzm-bOD6OWLhrhOTfHfB9DfxtiBk4-IghrXvMwULFU0iQ","token_type":"Bearer","expires_i
Action.c(26):     n":3599}
Action.c(26): Notify: Saving Parameter "Auth_token = eyJhbGciOiJSUzI1NiIsImtpZCI6IjM3IiwicGkuYXRtIjoiNSJ9.eyJzY29wZSI6W10sImF1dGhvcml6YXRpb25fZGV0YWlscyI6W10sImNsaWVudF9pZCI6IkNBVC1SREVfY2NfY2xpZW50IiwiaXNzIjoiaHR0cHM6Ly9mZWRsb2dpbnFhLmNhdC5jb20iLCJhdWQiOiJiYXNpYyIsImV4cCI6MTc3ODU3MTk4OH0.atf3Xrvfnx_5NhHKpMf8-0ESomx9zBp2FPZBtJjvs73ojnrO1agAJDXSpEFZZqrGf_DO_kf11CeNFYzWc907ww9Pkjxd3rfscNdeDNeKexjOkA9klEmY4ksTk0wWAegtrOC0GJHrw_zjYXQhgp3vZRbs6-hYEr1297UnaJ_FNpGBzJyXmocIZw_wRbZt2zRAUkIpf3EzIa-ZcLGeObsiCi__iuiCGt8xmMxZRrqyMWgNy5N7JRd1QZTZ_AlUVGnweGdgM7flAJa7e64eulANT4x9z8NtJsQ8-wR_z9i6ovzm-bOD6OWLhrhOTfHfB9DfxtiBk4-IghrXvMwULFU0iQ".	[MsgId: MMSG-13798]
Action.c(26): Error: C interpreter run time error: Action.c (26):  Error -- memory violation : Exception ACCESS_VIOLATION received.	[MsgId: MERR-19890]
Action was aborted.	[MsgId: MMSG-10694]
Ending Vuser...	[MsgId: MMSG-15966]
Starting action vuser_end.	[MsgId: MMSG-15919]
Ending action vuser_end.	[MsgId: MMSG-15918]
Vuser Terminated.	[MsgId: MMSG-15963]
Aborting pending download of URL="https://fedloginqa.cat.com/as/token.oauth2" (RelFrameId=1, Internal ID=1)  	[MsgId: MMSG-27649]
Vuser 0 (thread 10568), ended OK."	[MsgId: MMSG-10695]
