Virtual User Script started at: 12-05-2026 19:21:48	[MsgId: MMSG-15967]
Starting action vuser_init.	[MsgId: MMSG-15919]
Web Services replay version 2023.0.0 for Windows 11; Toolkit: "WCF"; build 506	[MsgId: MMSG-108715]
Runtime Settings file: "C:\Users\mani_\AppData\Local\Temp\lr5tmpdir5cT.528\lrcfg2ef.529\cfgfzz.530"	[MsgId: MMSG-108714]
Vuser directory: "G:\VugenScripts\CATProject"	[MsgId: MMSG-108713]
Vuser output directory: "G:\VugenScripts\CATProject"	[MsgId: MMSG-108712]
LOCAL start date/time : 2026-05-12 19:21:48	[MsgId: MMSG-108711]
Ending action vuser_init.	[MsgId: MMSG-15918]
Running Vuser...	[MsgId: MMSG-15964]
Starting iteration 1.	[MsgId: MMSG-15968]
Maximum number of concurrent connections per server: 4  	[MsgId: MMSG-26989]
Starting action Action.	[MsgId: MMSG-15919]
Action.c(3): web_set_max_html_param_len started  	[MsgId: MMSG-26355]
Action.c(3): web_set_max_html_param_len was successful  	[MsgId: MMSG-26392]
Action.c(18): web_reg_save_param_ex started  	[MsgId: MMSG-26355]
Action.c(18): Registering web_reg_save_param_ex was successful  	[MsgId: MMSG-26390]
Action.c(25): web_submit_data("Authorization") started  	[MsgId: MMSG-26355]
Action.c(25): t=2993ms: 426-byte response headers for "https://fedloginqa.cat.com/as/token.oauth2" (RelFrameId=1, Internal ID=1)
Action.c(25):     HTTP/1.1 200 OK\r\n
Action.c(25):     Content-Type: application/json\r\n
Action.c(25):     Connection: close\r\n
Action.c(25):     Date: Tue, 12 May 2026 13:51:49 GMT\r\n
Action.c(25):     X-Frame-Options: SAMEORIGIN\r\n
Action.c(25):     Referrer-Policy: origin\r\n
Action.c(25):     Content-Security-Policy: frame-ancestors 'self' https://*.cat.com;\r\n
Action.c(25):     Cache-Control: no-cache, no-store\r\n
Action.c(25):     Pragma: no-cache\r\n
Action.c(25):     Expires: Thu, 01 Jan 1970 00:00:00 GMT\r\n
Action.c(25):     Set-Cookie: PF=47yEqUMlPW5MNuHw5HG0gx; Path=/; Secure; HttpOnly; SameSite=None\r\n
Action.c(25):     rdwr_response: allowed\r\n
Action.c(25):     \r\n
Action.c(25): t=2994ms: 638-byte response body for "https://fedloginqa.cat.com/as/token.oauth2" (RelFrameId=1, Internal ID=1)
Action.c(25):     {"access_token":"eyJhbGciOiJSUzI1NiIsImtpZCI6IjM3IiwicGkuYXRtIjoiNSJ9.eyJzY29wZSI6W10sImF1
Action.c(25):     dGhvcml6YXRpb25fZGV0YWlscyI6W10sImNsaWVudF9pZCI6IkNBVC1SREVfY2NfY2xpZW50IiwiaXNzIjoiaHR0cH
Action.c(25):     M6Ly9mZWRsb2dpbnFhLmNhdC5jb20iLCJhdWQiOiJiYXNpYyIsImV4cCI6MTc3ODU5NzUwOX0.Vqh2iW4w0OdjtKXq
Action.c(25):     gl_6h2j4XpenEwxGOACGueZHbteDLCnctNXyhZbx7JDA_jtRNoOMvdiB-dUM8rp9YOlfBHSYpYBTJQxTtOUgZhcAH_
Action.c(25):     ME8AF4H9rvU6M5dhfm83mbmKmlmSjJBgQ3iqP3HKigbmnZ0iPpVdSqKlgZC6MfXMZRUV984EE942Kxw5cSfY36naw9
Action.c(25):     EAzzu7NZrBGcl1rxC-oVFW3L1695Cf78u-Uwc3PshdgqfovQCjqb7nqb4BFldErvFOsF4fCTXG5Q0yQiuA3COGNJml
Action.c(25):     hVRTds3Cw_V0PNsLnwWdIKXBfTw7v0anorULUOOEWZ8G3PHtNZJe6TmQ","token_type":"Bearer","expires_i
Action.c(25):     n":3599}
Action.c(25): Notify: Saving Parameter "Auth_token = eyJhbGciOiJSUzI1NiIsImtpZCI6IjM3IiwicGkuYXRtIjoiNSJ9.eyJzY29wZSI6W10sImF1dGhvcml6YXRpb25fZGV0YWlscyI6W10sImNsaWVudF9pZCI6IkNBVC1SREVfY2NfY2xpZW50IiwiaXNzIjoiaHR0cHM6Ly9mZWRsb2dpbnFhLmNhdC5jb20iLCJhdWQiOiJiYXNpYyIsImV4cCI6MTc3ODU5NzUwOX0.Vqh2iW4w0OdjtKXqgl_6h2j4XpenEwxGOACGueZHbteDLCnctNXyhZbx7JDA_jtRNoOMvdiB-dUM8rp9YOlfBHSYpYBTJQxTtOUgZhcAH_ME8AF4H9rvU6M5dhfm83mbmKmlmSjJBgQ3iqP3HKigbmnZ0iPpVdSqKlgZC6MfXMZRUV984EE942Kxw5cSfY36naw9EAzzu7NZrBGcl1rxC-oVFW3L1695Cf78u-Uwc3PshdgqfovQCjqb7nqb4BFldErvFOsF4fCTXG5Q0yQiuA3COGNJmlhVRTds3Cw_V0PNsLnwWdIKXBfTw7v0anorULUOOEWZ8G3PHtNZJe6TmQ".	[MsgId: MMSG-13798]
Action.c(25): HTML parsing not performed for Content-Type "application/json" ("ParseHtmlContentType" Runtime Setting is "TEXT"). URL="https://fedloginqa.cat.com/as/token.oauth2"  	[MsgId: MMSG-26547]
Action.c(25): web_submit_data("Authorization") was successful, 638 body bytes, 426 header bytes  	[MsgId: MMSG-26386]
Action.c(34): web_add_header("Authorization") started  	[MsgId: MMSG-26355]
Action.c(34): Notify: Parameter Substitution: parameter "Auth_token" =  "eyJhbGciOiJSUzI1NiIsImtpZCI6IjM3IiwicGkuYXRtIjoiNSJ9.eyJzY29wZSI6W10sImF1dGhvcml6YXRpb25fZGV0YWlscyI6W10sImNsaWVudF9pZCI6IkNBVC1SREVfY2NfY2xpZW50IiwiaXNzIjoiaHR0cHM6Ly9mZWRsb2dpbnFhLmNhdC5jb20iLCJhdWQiOiJiYXNpYyIsImV4cCI6MTc3ODU5NzUwOX0.Vqh2iW4w0OdjtKXqgl_6h2j4XpenEwxGOACGueZHbteDLCnctNXyhZbx7JDA_jtRNoOMvdiB-dUM8rp9YOlfBHSYpYBTJQxTtOUgZhcAH_ME8AF4H9rvU6M5dhfm83mbmKmlmSjJBgQ3iqP3HKigbmnZ0iPpVdSqKlgZC6MfXMZRUV984EE942Kxw5cSfY36naw9EAzzu7NZrBGcl1rxC-oVFW3L1695Cf78u-Uwc3PshdgqfovQCjqb7nqb4BFldErvFOsF4fCTXG5Q0yQiuA3COGNJmlhVRTds3Cw_V0PNsLnwWdIKXBfTw7v0anorULUOOEWZ8G3PHtNZJe6TmQ"	[MsgId: MMSG-13992]
Action.c(34): Warning -26593: The header being added may cause unpredictable results if applied to ALL the URLs generated on behalf of the next script function. It will apply to the primary URL only.  	[MsgId: MWAR-26593]
Action.c(34): web_add_header("Authorization") highest severity level was "warning"  	[MsgId: MMSG-26391]
Action.c(36): web_add_header("Content-Type") started  	[MsgId: MMSG-26355]
Action.c(36): Warning -26593: The header being added may cause unpredictable results if applied to ALL the URLs generated on behalf of the next script function. It will apply to the primary URL only.  	[MsgId: MWAR-26593]
Action.c(36): web_add_header("Content-Type") highest severity level was "warning"  	[MsgId: MMSG-26391]
Action.c(38): web_reg_find started  	[MsgId: MMSG-26355]
Action.c(38): Notify: Parameter Substitution: parameter "DealerCode" =  "H160"	[MsgId: MMSG-13992]
Action.c(38): Registering web_reg_find was successful  	[MsgId: MMSG-26390]
Action.c(47): web_reg_save_param_ex started  	[MsgId: MMSG-26355]
Action.c(47): Registering web_reg_save_param_ex was successful  	[MsgId: MMSG-26390]
Action.c(62): web_custom_request("configAPI") started  	[MsgId: MMSG-26355]
Action.c(62): Notify: Parameter Substitution: parameter "DealerCode" =  "H160"	[MsgId: MMSG-13992]
Abort was called from an action.	[MsgId: MMSG-10447]
Ending Vuser...	[MsgId: MMSG-15966]
Starting action vuser_end.	[MsgId: MMSG-15919]
Ending action vuser_end.	[MsgId: MMSG-15918]
Vuser Terminated.	[MsgId: MMSG-15963]
Action.c(62): Aborting pending download of URL="https://api-stage.cat.com/rde/dealerSalesModels/v1/dealer/configurations/search" (RelFrameId=1, Internal ID=2)  	[MsgId: MMSG-27649]
Vuser 0 (thread 38836), ended OK."	[MsgId: MMSG-10695]
