Virtual User Script started at: 12-05-2026 12:30:40	[MsgId: MMSG-15967]
Starting action vuser_init.	[MsgId: MMSG-15919]
Web Services replay version 2023.0.0 for Windows 11; Toolkit: "WCF"; build 506	[MsgId: MMSG-108715]
Runtime Settings file: "C:\Users\mani_\AppData\Local\Temp\lr5tmpdirU6Y.582\lrcfg2rc.583\cfgeoJ.584"	[MsgId: MMSG-108714]
Vuser directory: "G:\VugenScripts\CATProject"	[MsgId: MMSG-108713]
Vuser output directory: "G:\VugenScripts\CATProject"	[MsgId: MMSG-108712]
LOCAL start date/time : 2026-05-12 12:30:40	[MsgId: MMSG-108711]
Ending action vuser_init.	[MsgId: MMSG-15918]
Running Vuser...	[MsgId: MMSG-15964]
Starting iteration 1.	[MsgId: MMSG-15968]
Maximum number of concurrent connections per server: 4  	[MsgId: MMSG-26989]
Starting action Action.	[MsgId: MMSG-15919]
Action.c(3): web_set_max_html_param_len started  	[MsgId: MMSG-26355]
Action.c(3): web_set_max_html_param_len was successful  	[MsgId: MMSG-26392]
Action.c(18): web_reg_save_param_ex started  	[MsgId: MMSG-26355]
Action.c(18): Registering web_reg_save_param_ex was successful  	[MsgId: MMSG-26390]
Action.c(26): web_submit_data("Authorization") started  	[MsgId: MMSG-26355]
Action.c(26): t=1793ms: 426-byte response headers for "https://fedloginqa.cat.com/as/token.oauth2" (RelFrameId=1, Internal ID=1)
Action.c(26):     HTTP/1.1 200 OK\r\n
Action.c(26):     Content-Type: application/json\r\n
Action.c(26):     Connection: close\r\n
Action.c(26):     Date: Tue, 12 May 2026 07:00:42 GMT\r\n
Action.c(26):     X-Frame-Options: SAMEORIGIN\r\n
Action.c(26):     Referrer-Policy: origin\r\n
Action.c(26):     Content-Security-Policy: frame-ancestors 'self' https://*.cat.com;\r\n
Action.c(26):     Cache-Control: no-cache, no-store\r\n
Action.c(26):     Pragma: no-cache\r\n
Action.c(26):     Expires: Thu, 01 Jan 1970 00:00:00 GMT\r\n
Action.c(26):     Set-Cookie: PF=ewwrDQTOEXP5PSGV5mTYjC; Path=/; Secure; HttpOnly; SameSite=None\r\n
Action.c(26):     rdwr_response: allowed\r\n
Action.c(26):     \r\n
Action.c(26): t=1793ms: 638-byte response body for "https://fedloginqa.cat.com/as/token.oauth2" (RelFrameId=1, Internal ID=1)
Action.c(26):     {"access_token":"eyJhbGciOiJSUzI1NiIsImtpZCI6IjM3IiwicGkuYXRtIjoiNSJ9.eyJzY29wZSI6W10sImF1
Action.c(26):     dGhvcml6YXRpb25fZGV0YWlscyI6W10sImNsaWVudF9pZCI6IkNBVC1SREVfY2NfY2xpZW50IiwiaXNzIjoiaHR0cH
Action.c(26):     M6Ly9mZWRsb2dpbnFhLmNhdC5jb20iLCJhdWQiOiJiYXNpYyIsImV4cCI6MTc3ODU3Mjg0Mn0.nL2ts9E23cHTiHqo
Action.c(26):     r14hrTjFt44PTs9Fh0Je3s7oX6azujolRl0X3eesliWqA8qnfwQPN-ruTx9sVNKnPK8t-GSxyBDrKr1xS1msBNDVzm
Action.c(26):     _cVfSAAiSct9rRi6ka5dQ--voI4I0b2F3uMs9007Lhds0cmGmXM7IrbBfkRM9A92juQNuMSsSwVJECOOGy0BBYc_fU
Action.c(26):     RVRHNGdaBAC8wvwpSSceXkKBByHnwGZO6NwEYQzqevdWzvkrPF5b_dD7iMx9M7o2S50FVE15y8X120ySHZjpSrCG8I
Action.c(26):     UDZhOYxDPpSgIx1kM3IqortIacjwyYoaYfZbI7Z0G5cz6yRYmKLUvIvw","token_type":"Bearer","expires_i
Action.c(26):     n":3599}
Action.c(26): Notify: Saving Parameter "Auth_token = eyJhbGciOiJSUzI1NiIsImtpZCI6IjM3IiwicGkuYXRtIjoiNSJ9.eyJzY29wZSI6W10sImF1dGhvcml6YXRpb25fZGV0YWlscyI6W10sImNsaWVudF9pZCI6IkNBVC1SREVfY2NfY2xpZW50IiwiaXNzIjoiaHR0cHM6Ly9mZWRsb2dpbnFhLmNhdC5jb20iLCJhdWQiOiJiYXNpYyIsImV4cCI6MTc3ODU3Mjg0Mn0.nL2ts9E23cHTiHqor14hrTjFt44PTs9Fh0Je3s7oX6azujolRl0X3eesliWqA8qnfwQPN-ruTx9sVNKnPK8t-GSxyBDrKr1xS1msBNDVzm_cVfSAAiSct9rRi6ka5dQ--voI4I0b2F3uMs9007Lhds0cmGmXM7IrbBfkRM9A92juQNuMSsSwVJECOOGy0BBYc_fURVRHNGdaBAC8wvwpSSceXkKBByHnwGZO6NwEYQzqevdWzvkrPF5b_dD7iMx9M7o2S50FVE15y8X120ySHZjpSrCG8IUDZhOYxDPpSgIx1kM3IqortIacjwyYoaYfZbI7Z0G5cz6yRYmKLUvIvw".	[MsgId: MMSG-13798]
Action.c(26): Error: C interpreter run time error: Action.c (26):  Error -- memory violation : Exception ACCESS_VIOLATION received.	[MsgId: MERR-19890]
Action was aborted.	[MsgId: MMSG-10694]
Ending Vuser...	[MsgId: MMSG-15966]
Starting action vuser_end.	[MsgId: MMSG-15919]
Ending action vuser_end.	[MsgId: MMSG-15918]
Vuser Terminated.	[MsgId: MMSG-15963]
Aborting pending download of URL="https://fedloginqa.cat.com/as/token.oauth2" (RelFrameId=1, Internal ID=1)  	[MsgId: MMSG-27649]
Vuser 0 (thread 33024), ended OK."	[MsgId: MMSG-10695]
