Virtual User Script started at: 12-05-2026 12:46:49	[MsgId: MMSG-15967]
Starting action vuser_init.	[MsgId: MMSG-15919]
Web Services replay version 2023.0.0 for Windows 11; Toolkit: "WCF"; build 506	[MsgId: MMSG-108715]
Runtime Settings file: "C:\Users\mani_\AppData\Local\Temp\lr5tmpdirQo8.104\lrcfgEzZ.105\cfgBLa.106"	[MsgId: MMSG-108714]
Vuser directory: "G:\VugenScripts\CATProject"	[MsgId: MMSG-108713]
Vuser output directory: "G:\VugenScripts\CATProject"	[MsgId: MMSG-108712]
LOCAL start date/time : 2026-05-12 12:46:49	[MsgId: MMSG-108711]
Ending action vuser_init.	[MsgId: MMSG-15918]
Running Vuser...	[MsgId: MMSG-15964]
Starting iteration 1.	[MsgId: MMSG-15968]
Maximum number of concurrent connections per server: 4  	[MsgId: MMSG-26989]
Starting action Action.	[MsgId: MMSG-15919]
Action.c(3): web_set_max_html_param_len started  	[MsgId: MMSG-26355]
Action.c(3): web_set_max_html_param_len was successful  	[MsgId: MMSG-26392]
Action.c(18): web_reg_save_param_ex started  	[MsgId: MMSG-26355]
Action.c(18): Registering web_reg_save_param_ex was successful  	[MsgId: MMSG-26390]
Action.c(25): web_submit_data("Authorization") started  	[MsgId: MMSG-26355]
Action.c(25): t=1676ms: 426-byte response headers for "https://fedloginqa.cat.com/as/token.oauth2" (RelFrameId=1, Internal ID=1)
Action.c(25):     HTTP/1.1 200 OK\r\n
Action.c(25):     Content-Type: application/json\r\n
Action.c(25):     Connection: close\r\n
Action.c(25):     Date: Tue, 12 May 2026 07:16:50 GMT\r\n
Action.c(25):     X-Frame-Options: SAMEORIGIN\r\n
Action.c(25):     Referrer-Policy: origin\r\n
Action.c(25):     Content-Security-Policy: frame-ancestors 'self' https://*.cat.com;\r\n
Action.c(25):     Cache-Control: no-cache, no-store\r\n
Action.c(25):     Pragma: no-cache\r\n
Action.c(25):     Expires: Thu, 01 Jan 1970 00:00:00 GMT\r\n
Action.c(25):     Set-Cookie: PF=eUJ1MhT0UlrRJXHH6zKk1p; Path=/; Secure; HttpOnly; SameSite=None\r\n
Action.c(25):     rdwr_response: allowed\r\n
Action.c(25):     \r\n
Action.c(25): t=1676ms: 638-byte response body for "https://fedloginqa.cat.com/as/token.oauth2" (RelFrameId=1, Internal ID=1)
Action.c(25):     {"access_token":"eyJhbGciOiJSUzI1NiIsImtpZCI6IjM3IiwicGkuYXRtIjoiNSJ9.eyJzY29wZSI6W10sImF1
Action.c(25):     dGhvcml6YXRpb25fZGV0YWlscyI6W10sImNsaWVudF9pZCI6IkNBVC1SREVfY2NfY2xpZW50IiwiaXNzIjoiaHR0cH
Action.c(25):     M6Ly9mZWRsb2dpbnFhLmNhdC5jb20iLCJhdWQiOiJiYXNpYyIsImV4cCI6MTc3ODU3MzgxMH0.NIvwWuQI-fl5pC-W
Action.c(25):     FFscBhrangppKVOuw7zwB3MdW253UsEb3jUN6E9aYGOpWf-SKThMSzxcr-jUl0-RlKMT5N8DdrPqaGRNVeR0lj4Dvw
Action.c(25):     OJIzxYYClRR6pDvCEuNHKzBZzamsiX7Q792OmovItBwpFMSTNQSLKdZHlrjkmDLmyqcsw-FRsNoO3Eby1gvpGb-6rC
Action.c(25):     khZBmpWgT9l7hEdO1q85y2QFJ30PidhGfX9I22bPBu_shGrVf81qI39b8P8-7QmnF8KyKzd_D0Tmta_AkeexcDCiiH
Action.c(25):     tPF93K6_XPTx-FgG9RoyD6JVxtgJPj9QEFMLjRVcuochCn7VzD6Qtv1w","token_type":"Bearer","expires_i
Action.c(25):     n":3599}
Action.c(25): Notify: Saving Parameter "Auth_token = eyJhbGciOiJSUzI1NiIsImtpZCI6IjM3IiwicGkuYXRtIjoiNSJ9.eyJzY29wZSI6W10sImF1dGhvcml6YXRpb25fZGV0YWlscyI6W10sImNsaWVudF9pZCI6IkNBVC1SREVfY2NfY2xpZW50IiwiaXNzIjoiaHR0cHM6Ly9mZWRsb2dpbnFhLmNhdC5jb20iLCJhdWQiOiJiYXNpYyIsImV4cCI6MTc3ODU3MzgxMH0.NIvwWuQI-fl5pC-WFFscBhrangppKVOuw7zwB3MdW253UsEb3jUN6E9aYGOpWf-SKThMSzxcr-jUl0-RlKMT5N8DdrPqaGRNVeR0lj4DvwOJIzxYYClRR6pDvCEuNHKzBZzamsiX7Q792OmovItBwpFMSTNQSLKdZHlrjkmDLmyqcsw-FRsNoO3Eby1gvpGb-6rCkhZBmpWgT9l7hEdO1q85y2QFJ30PidhGfX9I22bPBu_shGrVf81qI39b8P8-7QmnF8KyKzd_D0Tmta_AkeexcDCiiHtPF93K6_XPTx-FgG9RoyD6JVxtgJPj9QEFMLjRVcuochCn7VzD6Qtv1w".	[MsgId: MMSG-13798]
Action.c(25): Error: C interpreter run time error: Action.c (25):  Error -- memory violation : Exception ACCESS_VIOLATION received.	[MsgId: MERR-19890]
Action was aborted.	[MsgId: MMSG-10694]
Ending Vuser...	[MsgId: MMSG-15966]
Starting action vuser_end.	[MsgId: MMSG-15919]
Ending action vuser_end.	[MsgId: MMSG-15918]
Vuser Terminated.	[MsgId: MMSG-15963]
Aborting pending download of URL="https://fedloginqa.cat.com/as/token.oauth2" (RelFrameId=1, Internal ID=1)  	[MsgId: MMSG-27649]
Vuser 0 (thread 32764), ended OK."	[MsgId: MMSG-10695]
